<?xml version="1.0" encoding="UTF-8"?>
<!-- Generated by org.testng.reporters.JUnitXMLReporter -->
<testsuite hostname="LAPTOP-M08DUTEG" ignored="2" name="Default test" tests="4" failures="0" timestamp="26 Oct 2022 14:37:27 GMT" time="0.051" errors="0">
  <testcase name="tc4" time="0.003" classname="baseclass.TestNG"/>
  <testcase name="tc4" time="0.001" classname="baseclass.TestNG"/>
  <testcase name="tc5" time="0.0" classname="baseclass.TestNG"/>
  <testcase name="tc1" time="0.001" classname="baseclass.TestNG"/>
  <testcase name="tc3" time="0.0" classname="baseclass.TestNG">
    <ignored/>
  </testcase> <!-- tc3 -->
  <testcase name="tc2" time="0.0" classname="baseclass.TestNG">
    <ignored/>
  </testcase> <!-- tc2 -->
</testsuite> <!-- Default test -->
